<?xml version="1.0" encoding="UTF-8"?>
<!-- Generated by org.testng.reporters.JUnitReportReporter -->
<testsuite skipped="0" hostname="LAPTOP-BM1NALCO" name="com.orangehrm.tests.DeleteEmployeeTest" tests="1" failures="0" timestamp="13 Sep 2020 06:25:39 GMT" time="22.626" errors="0">
  <testcase name="deleteEmployee" time="22.626" classname="com.orangehrm.tests.DeleteEmployeeTest"/>
</testsuite> <!-- com.orangehrm.tests.DeleteEmployeeTest -->
