<?xml version="1.0" encoding="UTF-8"?>
<!-- Generated by org.testng.reporters.JUnitReportReporter -->
<testsuite skipped="0" hostname="LAPTOP-BM1NALCO" name="com.orangehrm.tests.LoginTest" tests="1" failures="0" timestamp="13 Sep 2020 06:34:46 GMT" time="9.860" errors="0">
  <testcase name="verifyLoginWithValidCredentials" time="9.860" classname="com.orangehrm.tests.LoginTest"/>
</testsuite> <!-- com.orangehrm.tests.LoginTest -->
