<?xml version="1.0" encoding="UTF-8"?>
<!-- Generated by org.testng.reporters.JUnitReportReporter -->
<testsuite skipped="0" hostname="LAPTOP-BM1NALCO" name="pages.Trial" tests="1" failures="0" timestamp="05 Jul 2020 14:28:55 GMT" time="0.012" errors="0">
  <testcase name="testMethod" time="0.012" classname="pages.Trial"/>
</testsuite> <!-- pages.Trial -->
