<?xml version="1.0" encoding="UTF-8"?>
<!-- Generated by org.testng.reporters.JUnitReportReporter -->
<testsuite skipped="0" hostname="LAPTOP-BM1NALCO" name="com.orangehrm.tests.AddEmployeeTest" tests="1" failures="0" timestamp="27 Jul 2020 06:10:18 GMT" time="15.564" errors="0">
  <testcase name="verifyAddEmployee" time="15.564" classname="com.orangehrm.tests.AddEmployeeTest"/>
</testsuite> <!-- com.orangehrm.tests.AddEmployeeTest -->
