<?xml version="1.0" encoding="UTF-8"?>
<!-- Generated by org.testng.reporters.JUnitReportReporter -->
<testsuite skipped="0" hostname="LAPTOP-BM1NALCO" name="com.orangehrm.tests.AddEmployeeTest" tests="1" failures="0" timestamp="19 Aug 2020 14:16:03 GMT" time="54.197" errors="0">
  <testcase name="verifyAddEmployee" time="54.197" classname="com.orangehrm.tests.AddEmployeeTest"/>
</testsuite> <!-- com.orangehrm.tests.AddEmployeeTest -->
