<?xml version="1.0" encoding="UTF-8"?>
<!-- Generated by org.testng.reporters.JUnitReportReporter -->
<testsuite skipped="0" hostname="LAPTOP-BM1NALCO" name="com.orangehrm.tests.DeleteEmployeeTest" tests="1" failures="0" timestamp="30 Jul 2020 14:11:45 GMT" time="18.484" errors="0">
  <testcase name="deleteEmployee" time="18.484" classname="com.orangehrm.tests.DeleteEmployeeTest"/>
</testsuite> <!-- com.orangehrm.tests.DeleteEmployeeTest -->
