<?xml version="1.0" encoding="UTF-8"?>
<!-- Generated by org.testng.reporters.JUnitReportReporter -->
<testsuite skipped="0" hostname="LAPTOP-BM1NALCO" name="com.orangehrm.tests.ParallelTestExecutionExample" tests="2" failures="0" timestamp="28 Aug 2020 06:31:45 GMT" time="16.985" errors="0">
  <testcase name="executeInChrome" time="5.514" classname="com.orangehrm.tests.ParallelTestExecutionExample"/>
  <testcase name="executeInFireFox" time="11.471" classname="com.orangehrm.tests.ParallelTestExecutionExample"/>
</testsuite> <!-- com.orangehrm.tests.ParallelTestExecutionExample -->
