<?xml version="1.0" encoding="UTF-8"?>
<!-- Generated by org.testng.reporters.JUnitReportReporter -->
<testsuite skipped="0" hostname="LAPTOP-BM1NALCO" name="com.orangehrm.tests.LoginTest" tests="1" failures="0" timestamp="28 Aug 2020 06:56:18 GMT" time="13.690" errors="0">
  <testcase name="verifyLoginWithValidCredentials" time="13.690" classname="com.orangehrm.tests.LoginTest"/>
</testsuite> <!-- com.orangehrm.tests.LoginTest -->
