<?xml version="1.0" encoding="UTF-8"?>
<!-- Generated by org.testng.reporters.JUnitReportReporter -->
<testsuite skipped="0" hostname="LAPTOP-BM1NALCO" name="com.orangehrm.tests.LoginTest" tests="1" failures="0" timestamp="09 Sep 2020 07:18:03 GMT" time="17.184" errors="0">
  <testcase name="verifyLoginWithValidCredentials" time="17.184" classname="com.orangehrm.tests.LoginTest"/>
</testsuite> <!-- com.orangehrm.tests.LoginTest -->
