<?xml version="1.0" encoding="UTF-8"?>
<!-- Generated by org.testng.reporters.JUnitReportReporter -->
<testsuite skipped="0" hostname="LAPTOP-BM1NALCO" name="com.orangehrm.tests.LoginTest" tests="1" failures="0" timestamp="30 Jul 2020 14:19:29 GMT" time="20.302" errors="0">
  <testcase name="verifyLoginWithValidCredentials" time="20.302" classname="com.orangehrm.tests.LoginTest"/>
</testsuite> <!-- com.orangehrm.tests.LoginTest -->
